Running: fuse.exe -relaunch -intstyle "ise" -incremental -o "C:/Users/seoye/Xilinx/final_project/totalgame_TB_isim_beh.exe" -prj "C:/Users/seoye/Xilinx/final_project/totalgame_TB_beh.prj" "work.totalgame_TB" 
ISim P.20131013 (signature 0x7708f090)
Number of CPUs detected in this system: 8
Turning on mult-threading, number of parallel sub-compilation jobs: 16 
Determining compilation order of HDL files
Parsing VHDL file "C:/Users/seoye/Xilinx/final_project/timelimit_369.vhd" into library work
Parsing VHDL file "C:/Users/seoye/Xilinx/final_project/led.vhd" into library work
Parsing VHDL file "C:/Users/seoye/Xilinx/final_project/lcd.vhd" into library work
Parsing VHDL file "C:/Users/seoye/Xilinx/final_project/game_369.vhd" into library work
Parsing VHDL file "C:/Users/seoye/Xilinx/final_project/totalgame.vhd" into library work
Parsing VHDL file "C:/Users/seoye/Xilinx/final_project/totalgame_TB.vhd" into library work
Starting static elaboration
Completed static elaboration
Compiling package standard
Compiling package std_logic_1164
Compiling package std_logic_arith
Compiling package std_logic_unsigned
Compiling package numeric_std
Compiling architecture behavioral of entity game_369 [game_369_default]
Compiling architecture behavioral of entity timelimit_369 [timelimit_369_default]
Compiling architecture behavioral of entity led [led_default]
Compiling architecture behavioral of entity lcd [lcd_default]
Compiling architecture behavioral of entity totalgame [totalgame_default]
Compiling architecture behavior of entity totalgame_tb
Time Resolution for simulation is 1ps.
Waiting for 1 sub-compilation(s) to finish...
WARNING:Simulator - Unable to copy libPortabilityNOSH.dll to the simulation executable directory: boost::filesystem::copy_file: 지정된 경로를 찾을 수 없습니다, "isim\totalgame_TB_isim_beh.exe.sim\libPortability.dll".
Compiled 16 VHDL Units
Built simulation executable C:/Users/seoye/Xilinx/final_project/totalgame_TB_isim_beh.exe
Fuse Memory Usage: 39108 KB
Fuse CPU Usage: 1140 ms
