#-----------------------------------------------------------
# PlanAhead v14.7
# Build 321239 by xbuild on Fri Sep 27 19:31:35 MDT 2013
# Start of session at: Tue May 25 20:35:14 2021
# Process ID: 22416
# Log file: C:/Users/seoye/Xilinx/final_project/planAhead_run_2/planAhead.log
# Journal file: C:/Users/seoye/Xilinx/final_project/planAhead_run_2/planAhead.jou
#-----------------------------------------------------------
INFO: [Common 17-78] Attempting to get a license: PlanAhead
INFO: [Common 17-290] Got license for PlanAhead
INFO: [Common 17-86] Your PlanAhead license expires in -2278 day(s)
INFO: [Device 21-36] Loading parts and site information from C:/Xilinx/14.7/ISE_DS/PlanAhead/data/parts/arch.xml
Parsing RTL primitives file [C:/Xilinx/14.7/ISE_DS/PlanAhead/data/parts/xilinx/rtl/prims/rtl_prims.xml]
Finished parsing RTL primitives file [C:/Xilinx/14.7/ISE_DS/PlanAhead/data/parts/xilinx/rtl/prims/rtl_prims.xml]
start_gui
source C:/Users/seoye/Xilinx/final_project/pa.fromHdl.tcl
# create_project -name final_project -dir "C:/Users/seoye/Xilinx/final_project/planAhead_run_2" -part xc3s200pq208-4
# set_param project.pinAheadLayout yes
# set srcset [get_property srcset [current_run -impl]]
# set_property target_constrs_file "totalgame.ucf" [current_fileset -constrset]
Adding file 'C:/Users/seoye/Xilinx/final_project/totalgame.ucf' to fileset 'constrs_1'
# set hdlfile [add_files [list {timelimit_369.vhd}]]
# set_property file_type VHDL $hdlfile
# set_property library work $hdlfile
# set hdlfile [add_files [list {led.vhd}]]
# set_property file_type VHDL $hdlfile
# set_property library work $hdlfile
# set hdlfile [add_files [list {lcd.vhd}]]
# set_property file_type VHDL $hdlfile
# set_property library work $hdlfile
# set hdlfile [add_files [list {game_369.vhd}]]
# set_property file_type VHDL $hdlfile
# set_property library work $hdlfile
# set hdlfile [add_files [list {totalgame.vhd}]]
# set_property file_type VHDL $hdlfile
# set_property library work $hdlfile
# set_property top totalgame $srcset
# add_files [list {totalgame.ucf}] -fileset [get_property constrset [current_run]]
# open_rtl_design -part xc3s200pq208-4
Using Verific elaboration
Parsing VHDL file "C:/Xilinx/14.7/ISE_DS/PlanAhead/data/parts/xilinx/rtl/lib/synplify/synattr.vhd" into library synplify
Parsing VHDL file "C:/Xilinx/14.7/ISE_DS/PlanAhead/data/parts/xilinx/rtl/lib/synplify/synattr.vhd" into library synplify
Parsing VHDL file "C:/Users/seoye/Xilinx/final_project/timelimit_369.vhd" into library work
Parsing VHDL file "C:/Users/seoye/Xilinx/final_project/led.vhd" into library work
Parsing VHDL file "C:/Users/seoye/Xilinx/final_project/lcd.vhd" into library work
Parsing VHDL file "C:/Users/seoye/Xilinx/final_project/game_369.vhd" into library work
Parsing VHDL file "C:/Users/seoye/Xilinx/final_project/totalgame.vhd" into library work
INFO: [Designutils 20-910] Reading macro library C:/Xilinx/14.7/ISE_DS/PlanAhead/data\./parts/xilinx/spartan3/hd_int_macros.edn
Parsing EDIF File [C:/Xilinx/14.7/ISE_DS/PlanAhead/data\./parts/xilinx/spartan3/hd_int_macros.edn]
Finished Parsing EDIF File [C:/Xilinx/14.7/ISE_DS/PlanAhead/data\./parts/xilinx/spartan3/hd_int_macros.edn]
Loading clock regions from C:/Xilinx/14.7/ISE_DS/PlanAhead/data\parts/xilinx/spartan3/spartan3/xc3s200/ClockRegion.xml
Loading clock buffers from C:/Xilinx/14.7/ISE_DS/PlanAhead/data\parts/xilinx/spartan3/spartan3/xc3s200/ClockBuffers.xml
Loading package from C:/Xilinx/14.7/ISE_DS/PlanAhead/data\parts/xilinx/spartan3/spartan3/xc3s200/pq208/Package.xml
Loading io standards from C:/Xilinx/14.7/ISE_DS/PlanAhead/data\./parts/xilinx/spartan3/IOStandards.xml
INFO: [Device 21-19] Loading pkg sso from C:/Xilinx/14.7/ISE_DS/PlanAhead/data\parts/xilinx/spartan3/spartan3/xc3s200/pq208/SSORules.xml
Loading list of drcs for the architecture : C:/Xilinx/14.7/ISE_DS/PlanAhead/data\./parts/xilinx/spartan3/drc.xml
INFO: [Timing 38-77] Reading timing library C:/Xilinx/14.7/ISE_DS/PlanAhead/data\parts/xilinx/spartan3/spartan3/spartan3-4.lib.
INFO: [Timing 38-34] Done reading timing library C:/Xilinx/14.7/ISE_DS/PlanAhead/data\parts/xilinx/spartan3/spartan3/spartan3-4.lib.
Parsing UCF File [C:/Users/seoye/Xilinx/final_project/totalgame.ucf]
Finished Parsing UCF File [C:/Users/seoye/Xilinx/final_project/totalgame.ucf]
INFO: [Project 1-111] Unisim Transformation Summary:
No Unisim elements were transformed.

Phase 0 | Netlist Checksum: f382ecfc
open_rtl_design: Time (s): elapsed = 00:00:08 . Memory (MB): peak = 491.090 ; gain = 108.977
update_compile_order -fileset sim_1
startgroup
set_property package_pin P12 [get_ports {playernum[3]}]
endgroup
startgroup
set_property package_pin P13 [get_ports {playernum[2]}]
endgroup
startgroup
set_property package_pin P15 [get_ports {playernum[1]}]
endgroup
startgroup
set_property package_pin P16 [get_ports {playernum[0]}]
endgroup
save_constraints
exit
ERROR: [PlanAhead 12-106] *** Exception: ui.h.b: Found deleted key in HTclEventBroker. Verify if the classes listed here call cleanup()
HTclEvent: SIGNAL_BUS_MODIFY   Classes: ui.views.aR 
HTclEvent: DEBUG_PORT_CONFIG_CHANGE   Classes: ui.views.aR 
HTclEvent: DEBUG_CORE_CONFIG_CHANGE   Classes: ui.views.aR 
HTclEvent: SIGNAL_MODIFY   Classes: ui.views.aR 
 (See C:/Users/seoye/Xilinx/final_project\planAhead_pid22416.debug)
ERROR: [Common 17-39] 'stop_gui' failed due to earlier errors.
INFO: [Common 17-206] Exiting PlanAhead at Tue May 25 20:37:11 2021...
INFO: [Common 17-83] Releasing license: PlanAhead
